<?xml version="1.0" encoding="UTF-8"?>
<!-- Generated by org.testng.reporters.JUnitXMLReporter -->
<testsuite hostname="Anastasiyas-MBP.local.tld" ignored="2" name="All Functionalities" tests="9" failures="0" timestamp="2023-01-22T11:19:41 CST" time="142.875" errors="0">
  <testcase name="validateCheckboxes" time="7.702" classname="scripts.TechGlobalCheckBoxTest"/>
  <testcase name="validateCheckboxes2" time="7.232" classname="scripts.TechGlobalCheckBoxTest"/>
  <testcase name="dynamicElementsTest" time="2.639" classname="scripts.TechGlobalDynamicElementsTest"/>
  <testcase name="validateFrontendTestingURL" time="1.532" classname="scripts.TechGlobalFrontendTestingHomeTest"/>
  <testcase name="validateTechGlobalHeaderDropdownOptions" time="0.958" classname="scripts.TechGlobalHeaderTest"/>
  <testcase name="languageRadioButtons" time="3.485" classname="scripts.TechGlobalRadioButtonTest"/>
  <testcase name="javaButtonIsSelected" time="3.146" classname="scripts.TechGlobalRadioButtonTest"/>
  <testcase name="practiceMoreButtons" time="3.651" classname="scripts.TechGlobalRadioButtonTest"/>
  <testcase name="validateRedBox" time="41.46" classname="scripts.TechGlobalWaitsPageTest"/>
  <testcase name="validateFrontendTestingCards" time="0.0" classname="scripts.TechGlobalFrontendTestingHomeTest">
    <ignored/>
  </testcase> <!-- validateFrontendTestingCards -->
  <testcase name="validateTechGlobalHeaderDropdown" time="0.0" classname="scripts.TechGlobalHeaderTest">
    <ignored/>
  </testcase> <!-- validateTechGlobalHeaderDropdown -->
</testsuite> <!-- All Functionalities -->
