<?xml version="1.0" encoding="UTF-8"?>
<!-- Generated by org.testng.reporters.JUnitXMLReporter -->
<testsuite hostname="Anastasiyas-MacBook-Pro.local" ignored="2" name="All Functionalities" tests="30" failures="0" timestamp="2023-01-30T14:34:06 CST" time="391.812" errors="0">
  <testcase name="validateCheckboxes" time="7.551" classname="scripts.TechGlobalCheckBoxTest"/>
  <testcase name="validateCheckboxes2" time="7.466" classname="scripts.TechGlobalCheckBoxTest"/>
  <testcase name="dynamicElementsTest" time="2.32" classname="scripts.TechGlobalDynamicElementsTest"/>
  <testcase name="validateFrontendTestingURL" time="1.488" classname="scripts.TechGlobalFrontendTestingHomeTest"/>
  <testcase name="validateTechGlobalHeaderDropdownOptions" time="1.004" classname="scripts.TechGlobalHeaderTest"/>
  <testcase name="languageRadioButtons" time="3.01" classname="scripts.TechGlobalRadioButtonTest"/>
  <testcase name="javaButtonIsSelected" time="3.174" classname="scripts.TechGlobalRadioButtonTest"/>
  <testcase name="practiceMoreButtons" time="3.812" classname="scripts.TechGlobalRadioButtonTest"/>
  <testcase name="validateRedBox" time="35.159" classname="scripts.TechGlobalWaitsPageTest"/>
  <testcase name="SelectDeliveryOption" time="1.321" classname="scripts.TechGlobalDropdownsTest"/>
  <testcase name="selectColorOption" time="1.146" classname="scripts.TechGlobalDropdownsTest"/>
  <testcase name="selectProductOption" time="0.196" classname="scripts.TechGlobalDropdownsTest"/>
  <testcase name="validateTheItemSelected" time="1.772" classname="scripts.TechGlobalDropdownsTest"/>
  <testcase name="validateTheAppleLink" time="2.86" classname="scripts.TechGlobalMultipleWindowsTest"/>
  <testcase name="validateLinkURLs" time="14.17" classname="scripts.TechGlobalMultipleWindowsTest"/>
  <testcase name="validateSortAscByQuantity" time="1.101" classname="scripts.TechGlobalSortableTablesTest"/>
  <testcase name="validateFileIsDownloaded" time="4.058" classname="scripts.TechGlobalFileDownloadTest"/>
  <testcase name="validateStaticTables" time="0.072" classname="scripts.TechGlobalStaticTablesTest"/>
  <testcase name="validateRow" time="0.054" classname="scripts.TechGlobalStaticTablesTest"/>
  <testcase name="validateCountryColumn" time="0.068" classname="scripts.TechGlobalStaticTablesTest"/>
  <testcase name="validateAllCells" time="0.335" classname="scripts.TechGlobalStaticTablesTest"/>
  <testcase name="validateDatePicker" time="2.747" classname="scripts.TechGlobalCalendarTest"/>
  <testcase name="warningAlerts" time="3.034" classname="scripts.TechGlobalAlertsTest"/>
  <testcase name="conformationAlert" time="1.152" classname="scripts.TechGlobalAlertsTest"/>
  <testcase name="validatePromptAlert" time="1.13" classname="scripts.TechGlobalAlertsTest"/>
  <testcase name="popupValidation" time="4.437" classname="scripts.TechGlobalDynamicTablesTest"/>
  <testcase name="validateDynamicTable" time="3.005" classname="scripts.TechGlobalDynamicTablesTest"/>
  <testcase name="validateFileUpload" time="1.111" classname="scripts.TechGlobalFileUploadTest"/>
  <testcase name="validateInputText" time="0.283" classname="scripts.TechGlobalIFramesTest"/>
  <testcase name="validateInputs" time="2.009" classname="scripts.TechGlobalIFramesTest"/>
  <testcase name="validateFrontendTestingCards" time="0.0" classname="scripts.TechGlobalFrontendTestingHomeTest">
    <ignored/>
  </testcase> <!-- validateFrontendTestingCards -->
  <testcase name="validateTechGlobalHeaderDropdown" time="0.0" classname="scripts.TechGlobalHeaderTest">
    <ignored/>
  </testcase> <!-- validateTechGlobalHeaderDropdown -->
</testsuite> <!-- All Functionalities -->
