<?xml version="1.0" encoding="UTF-8"?>
<!-- Generated by org.testng.reporters.JUnitXMLReporter -->
<testsuite hostname="Anastasiyas-MBP.local.tld" ignored="0" name="Command line test" tests="12" failures="0" timestamp="2023-01-22T11:14:53 CST" time="166.706" errors="0">
  <testcase name="validateFrontendTestingCards" time="3.672" classname="scripts.TechGlobalFrontendTestingHomeTest"/>
  <testcase name="validateFrontendTestingURL" time="1.387" classname="scripts.TechGlobalFrontendTestingHomeTest"/>
  <testcase name="languageRadioButtons" time="2.288" classname="scripts.TechGlobalRadioButtonTest"/>
  <testcase name="javaButtonIsSelected" time="2.97" classname="scripts.TechGlobalRadioButtonTest"/>
  <testcase name="practiceMoreButtons" time="3.366" classname="scripts.TechGlobalRadioButtonTest"/>
  <testcase name="validateTechGlobalLogo" time="0.45" classname="scripts.TechGlobalLogoTest"/>
  <testcase name="validateTechGlobalHeaderDropdown" time="0.518" classname="scripts.TechGlobalHeaderTest"/>
  <testcase name="validateTechGlobalHeaderDropdownOptions" time="0.905" classname="scripts.TechGlobalHeaderTest"/>
  <testcase name="validateCheckboxes" time="8.082" classname="scripts.TechGlobalCheckBoxTest"/>
  <testcase name="validateCheckboxes2" time="7.003" classname="scripts.TechGlobalCheckBoxTest"/>
  <testcase name="dynamicElementsTest" time="2.214" classname="scripts.TechGlobalDynamicElementsTest"/>
  <testcase name="validateRedBox" time="41.415" classname="scripts.TechGlobalWaitsPageTest"/>
</testsuite> <!-- Command line test -->
