<?xml version="1.0" encoding="UTF-8"?>
<!-- Generated by org.testng.reporters.JUnitXMLReporter -->
<testsuite hostname="Anastasiyas-MBP.local.tld" ignored="2" name="Critical functionalities" tests="3" failures="0" timestamp="2023-01-22T11:11:47 CST" time="29.201" errors="0">
  <testcase name="validateFrontendTestingCards" time="3.834" classname="scripts.TechGlobalFrontendTestingHomeTest"/>
  <testcase name="validateTechGlobalHeaderDropdown" time="0.458" classname="scripts.TechGlobalHeaderTest"/>
  <testcase name="validateTechGlobalLogo" time="0.864" classname="scripts.TechGlobalLogoTest"/>
  <testcase name="validateFrontendTestingURL" time="0.0" classname="scripts.TechGlobalFrontendTestingHomeTest">
    <ignored/>
  </testcase> <!-- validateFrontendTestingURL -->
  <testcase name="validateTechGlobalHeaderDropdownOptions" time="0.0" classname="scripts.TechGlobalHeaderTest">
    <ignored/>
  </testcase> <!-- validateTechGlobalHeaderDropdownOptions -->
</testsuite> <!-- Critical functionalities -->
